<?xml version="1.0" encoding="UTF-8"?>
<testng-results ignored="0" total="1" passed="1" failed="0" skipped="0">
  <reporter-output>
  </reporter-output>
  <suite started-at="2021-01-08T12:16:23 IST" name="Default suite" finished-at="2021-01-08T12:18:07 IST" duration-ms="104641">
    <groups>
    </groups>
    <test started-at="2021-01-08T12:16:23 IST" name="Default test" finished-at="2021-01-08T12:18:07 IST" duration-ms="104641">
      <class name="com.actitime.testscript.CustomerModule">
        <test-method is-config="true" signature="openBrowser()[pri:0, instance:com.actitime.testscript.CustomerModule@3c9d0b9d]" started-at="2021-01-08T12:16:23 IST" name="openBrowser" finished-at="2021-01-08T12:16:47 IST" duration-ms="24474" status="PASS">
          <reporter-output>
          </reporter-output>
        </test-method> <!-- openBrowser -->
        <test-method is-config="true" signature="login()[pri:0, instance:com.actitime.testscript.CustomerModule@3c9d0b9d]" started-at="2021-01-08T12:16:47 IST" name="login" finished-at="2021-01-08T12:17:35 IST" duration-ms="47974" status="PASS">
          <reporter-output>
          </reporter-output>
        </test-method> <!-- login -->
        <test-method signature="testCreateCustomer()[pri:0, instance:com.actitime.testscript.CustomerModule@3c9d0b9d]" started-at="2021-01-08T12:17:35 IST" name="testCreateCustomer" finished-at="2021-01-08T12:17:58 IST" duration-ms="23308" status="PASS">
          <reporter-output>
          </reporter-output>
        </test-method> <!-- testCreateCustomer -->
        <test-method is-config="true" signature="logout()[pri:0, instance:com.actitime.testscript.CustomerModule@3c9d0b9d]" started-at="2021-01-08T12:17:58 IST" name="logout" finished-at="2021-01-08T12:18:07 IST" duration-ms="8559" status="PASS">
          <reporter-output>
          </reporter-output>
        </test-method> <!-- logout -->
        <test-method is-config="true" signature="closeBrowser()[pri:0, instance:com.actitime.testscript.CustomerModule@3c9d0b9d]" started-at="2021-01-08T12:18:07 IST" name="closeBrowser" finished-at="2021-01-08T12:18:07 IST" duration-ms="249" status="PASS">
          <reporter-output>
          </reporter-output>
        </test-method> <!-- closeBrowser -->
      </class> <!-- com.actitime.testscript.CustomerModule -->
    </test> <!-- Default test -->
  </suite> <!-- Default suite -->
</testng-results>
